\o Program:		@(#)$CDS: libManager version 6.1.5 - CAT32 10/23/2012 17:37 (cat91amd) $
\o Sub version:		sub-version  s011 
\o Arguments:		-mpssession virtuoso1140 -mpshost t7400-13.EECS.Berkeley.EDU 
\o Working Directory:	t7400-13.EECS.Berkeley.EDU:/home/cc/ee140/sp16/class/ee140-ah/MOSzilla
\o 64-bit offsets
\o Qt version: 		4.5.3
\o Log file is "/home/cc/ee140/sp16/class/ee140-ah/MOSzilla/libManager.log".
\o Opening libManager window.
\a nrSetCurrentWindow(cdsLibManager)
\a nrResizeWindow(cdsLibManager list(693 409 600 523))
\o changeWorkingDir("/home/cc/ee140/sp16/class/ee140-ah/MOSzilla") unnecessary.
\o ddSetForcedLib("") unnecessary.
\o MPS service: map window
\w Warning: LIB basic from File /share/instsww/cadence/IC615.151/tools.lnx86/dfII/etc/cdsDotLibs/composer/cds.lib Line 1 redefines
\w LIB basic from File /share/instsww/cadence/GPDK_PKG/gpdk090_v4.6/cds.lib.oa22
\w Insert UNDEFINE basic
\w before DEFINE basic
\w     in /share/instsww/cadence/IC615.151/tools.lnx86/dfII/etc/cdsDotLibs/composer/cds.lib
\w Or remove or comment out DEFINE basic
\w     in /share/instsww/cadence/GPDK_PKG/gpdk090_v4.6/cds.lib.oa22
\w to suppress this warning message.
\w Warning: LIB US_8ths from File /share/instsww/cadence/IC615.151/tools.lnx86/dfII/etc/cdsDotLibs/composer/cds.lib Line 2 redefines
\w LIB US_8ths from File /share/instsww/cadence/GPDK_PKG/gpdk090_v4.6/cds.lib.oa22
\w Insert UNDEFINE US_8ths
\w before DEFINE US_8ths
\w     in /share/instsww/cadence/IC615.151/tools.lnx86/dfII/etc/cdsDotLibs/composer/cds.lib
\w Or remove or comment out DEFINE US_8ths
\w     in /share/instsww/cadence/GPDK_PKG/gpdk090_v4.6/cds.lib.oa22
\w to suppress this warning message.
\w Warning: LIB analogLib from File /share/instsww/cadence/IC615.151/tools.lnx86/dfII/etc/cdsDotLibs/artist/cds.lib Line 1 redefines
\w LIB analogLib from File /share/instsww/cadence/GPDK_PKG/gpdk090_v4.6/cds.lib.oa22
\w Insert UNDEFINE analogLib
\w before DEFINE analogLib
\w     in /share/instsww/cadence/IC615.151/tools.lnx86/dfII/etc/cdsDotLibs/artist/cds.lib
\w Or remove or comment out DEFINE analogLib
\w     in /share/instsww/cadence/GPDK_PKG/gpdk090_v4.6/cds.lib.oa22
\w to suppress this warning message.
\o Library Manager customization server connected.
\a cdsLibManager->libListBox->value = "proj"
\a cdsLibManager->libLineEdit->value = "proj"
\a cdsLibManager->cellListBox->value = "AAAA_theregoestokyo_testzilla"
\a cdsLibManager->cellLineEdit->value = "AAAA_theregoestokyo_testzilla"
\a cdsLibManager->viewListBox->value = "test"
\a cdsLibManager->viewLineEdit->value = "test"
\o MPS request: edit design
\a nrListItemAction(cdsLibManager->gdmXTView 1 0)
\a cdsLibManager->libListBox->value = nil
\a cdsLibManager->cellListBox->value = nil
\a cdsLibManager->viewLineEdit->value = ""
\a cdsLibManager->viewListBox->value = nil
\a cdsLibManager->cellLineEdit->value = ""
\a cdsLibManager->libLineEdit->value = ""
\w Warning: LIB basic from File /share/instsww/cadence/IC615.151/tools.lnx86/dfII/etc/cdsDotLibs/composer/cds.lib Line 1 redefines
\w LIB basic from File /share/instsww/cadence/GPDK_PKG/gpdk090_v4.6/cds.lib.oa22
\w Insert UNDEFINE basic
\w before DEFINE basic
\w     in /share/instsww/cadence/IC615.151/tools.lnx86/dfII/etc/cdsDotLibs/composer/cds.lib
\w Or remove or comment out DEFINE basic
\w     in /share/instsww/cadence/GPDK_PKG/gpdk090_v4.6/cds.lib.oa22
\w to suppress this warning message.
\w Warning: LIB US_8ths from File /share/instsww/cadence/IC615.151/tools.lnx86/dfII/etc/cdsDotLibs/composer/cds.lib Line 2 redefines
\w LIB US_8ths from File /share/instsww/cadence/GPDK_PKG/gpdk090_v4.6/cds.lib.oa22
\w Insert UNDEFINE US_8ths
\w before DEFINE US_8ths
\w     in /share/instsww/cadence/IC615.151/tools.lnx86/dfII/etc/cdsDotLibs/composer/cds.lib
\w Or remove or comment out DEFINE US_8ths
\w     in /share/instsww/cadence/GPDK_PKG/gpdk090_v4.6/cds.lib.oa22
\w to suppress this warning message.
\w Warning: LIB analogLib from File /share/instsww/cadence/IC615.151/tools.lnx86/dfII/etc/cdsDotLibs/artist/cds.lib Line 1 redefines
\w LIB analogLib from File /share/instsww/cadence/GPDK_PKG/gpdk090_v4.6/cds.lib.oa22
\w Insert UNDEFINE analogLib
\w before DEFINE analogLib
\w     in /share/instsww/cadence/IC615.151/tools.lnx86/dfII/etc/cdsDotLibs/artist/cds.lib
\w Or remove or comment out DEFINE analogLib
\w     in /share/instsww/cadence/GPDK_PKG/gpdk090_v4.6/cds.lib.oa22
\w to suppress this warning message.
\a cdsLibManager->libListBox->value = "proj"
\a cdsLibManager->libLineEdit->value = "proj"
\a cdsLibManager->cellListBox->value = "AAAA_theregoestokyo_testzilla"
\a cdsLibManager->cellLineEdit->value = "AAAA_theregoestokyo_testzilla"
\a cdsLibManager->viewListBox->value = "test"
\a cdsLibManager->viewLineEdit->value = "test"
\a cdsLibManager->viewLineEdit->value = ""
\a cdsLibManager->viewListBox->value = nil
\a cdsLibManager->viewListBox->value = "test"
\a cdsLibManager->viewLineEdit->value = "test"
\a nrSetCurrentWindow(cdsLibManager)
\a nrSetWindowVisibility(cdsLibManager "hide")
\o libManager is exiting.
\a exit(0)
